<?xml version="1.0" encoding="UTF-8"?>
<testsuite name="TestJSONReader" tests="2" skipped="0" failures="0" errors="0" timestamp="2022-03-08T13:54:07" hostname="DESKTOP-FHKKDV0" time="0.554">
  <properties/>
  <testcase name="testGetDataByPath()" classname="TestJSONReader" time="0.001"/>
  <testcase name="testGetDataByUrl()" classname="TestJSONReader" time="0.552"/>
  <system-out><![CDATA[]]></system-out>
  <system-err><![CDATA[]]></system-err>
</testsuite>
